2026-06-01 08:45:10,706 | INFO     | =================================================================
2026-06-01 08:45:10,707 | INFO     |   INICIANDO PIPELINE DE DADOS (7 FONTES)
2026-06-01 08:45:10,707 | INFO     | =================================================================
2026-06-01 08:45:10,707 | INFO     | 
[1/7] Iniciando: Kaggle – FitLife...
2026-06-01 08:45:16,606 | INFO     | [EXTRAÇÃO] Conectando à API do Kaggle...
2026-06-01 08:45:21,515 | INFO     | [EXTRAÇÃO] Download concluído. Lendo o CSV original...
2026-06-01 08:45:21,665 | INFO     |   Registros reais extraídos: 100000
2026-06-01 08:45:21,666 | INFO     | [TRANSFORMAÇÃO] Padronizando colunas reais do FitLife...
2026-06-01 08:45:21,666 | INFO     | Colunas que vieram do Kaggle: ['ID', 'Date', 'Age', 'Gender', 'Time of Day', 'Activity Category', 'Sub-Category', 'Activity', 'Duration (minutes)', 'Intensity', 'Primary Emotion', 'Secondary Emotion', 'Mood Before (1-10)', 'Mood After (1-10)', 'Energy Level (1-10)', 'Stress Level (1-10)']
2026-06-01 08:45:21,772 | INFO     |   Registros transformados: 100000
2026-06-01 08:45:22,036 | INFO     | [CARGA] CSV Real salvo em: C:\Users\Ronald\Projeto_Integrador_1\data\processed\csv\emocoes_atividades.csv
2026-06-01 08:45:22,038 | INFO     | ETL 01 Finalizado em 5.43s
2026-06-01 08:45:22,038 | INFO     |   Concluido: 0 registros em 11.33s
2026-06-01 08:45:22,038 | INFO     | 
[2/7] Iniciando: Kaggle – Journal...
2026-06-01 08:45:22,040 | INFO     | [EXTRAÇÃO] Conectando à API do Kaggle (Journal Entries)...
2026-06-01 08:45:25,042 | INFO     | [EXTRAÇÃO] Lendo o arquivo: fitlife_emotional_dataset.csv
2026-06-01 08:45:25,156 | INFO     |   Registros reais extraídos: 100000
2026-06-01 08:45:25,156 | INFO     | [TRANSFORMAÇÃO] Padronizando diários reais...
2026-06-01 08:45:25,156 | INFO     | Colunas que vieram do Kaggle: ['id', 'date', 'age', 'gender', 'time of day', 'activity category', 'sub-category', 'activity', 'duration (minutes)', 'intensity', 'primary emotion', 'secondary emotion', 'mood before (1-10)', 'mood after (1-10)', 'energy level (1-10)', 'stress level (1-10)']
2026-06-01 08:45:25,163 | WARNING  |   Nenhuma coluna de emoção encontrada — usando 'Não Informado'
2026-06-01 08:45:25,180 | INFO     |   Registros transformados: 100000
2026-06-01 08:45:25,285 | INFO     | [CARGA] CSV Real salvo em: C:\Users\Ronald\Projeto_Integrador_1\data\processed\csv\diarios_emocoes.csv
2026-06-01 08:45:25,285 | INFO     | ETL 02 Finalizado em 3.24s
2026-06-01 08:45:25,285 | INFO     |   Concluido: 0 registros em 3.25s
2026-06-01 08:45:25,286 | INFO     | 
[3/7] Iniciando: IBGE – POF 2017-2018...
2026-06-01 08:45:25,288 | INFO     | [EXTRAÇÃO] Conectando à API do IBGE (Serviço de Dados)...
2026-06-01 08:45:33,553 | INFO     | [EXTRAÇÃO] Sucesso! Foram encontrados 27 UFs na API.
2026-06-01 08:45:33,553 | INFO     | [TRANSFORMAÇÃO] Estruturando os dados de despesas de saúde...
2026-06-01 08:45:33,563 | INFO     |   Registros gerados ancorados na API: 822
2026-06-01 08:45:33,567 | INFO     | [CARGA] CSV Real/Ancorado salvo em: C:\Users\Ronald\Projeto_Integrador_1\data\processed\csv\despesas_saude_pof.csv
2026-06-01 08:45:33,568 | INFO     | ETL 03 Finalizado em 8.28s
2026-06-01 08:45:33,568 | INFO     |   Concluido: 0 registros em 8.28s
2026-06-01 08:45:33,568 | INFO     | 
[4/7] Iniciando: DATASUS – Internacoes SUS...
2026-06-01 08:45:35,616 | INFO     | [EXTRAÇÃO] Conectando aos servidores do DATASUS (SIH)...
2026-06-01 08:45:35,616 | INFO     | [EXTRAÇÃO] Baixando Internações Hospitalares - UF: DF | Ano: 2025 | Mês: 6
2026-06-01 08:45:38,465 | INFO     | HTTP Request: HEAD https://nbg1.your-objectstorage.com/pysus/public/catalog.db "HTTP/1.1 200 OK"
2026-06-01 08:45:39,436 | INFO     | HTTP Request: HEAD https://nbg1.your-objectstorage.com/pysus/public/catalog.db "HTTP/1.1 200 OK"
2026-06-01 08:45:42,444 | INFO     | HTTP Request: GET https://nbg1.your-objectstorage.com/pysus/public/data/ftp/sih/SPDF2506.parquet "HTTP/1.1 200 OK"
2026-06-01 08:46:03,579 | INFO     | [EXTRAÇÃO] Download concluído! Registros brutos obtidos: 398797
2026-06-01 08:46:03,579 | INFO     | [TRANSFORMAÇÃO] Filtrando internações de Saúde Mental (SP_CIDPRI)...
2026-06-01 08:46:03,733 | INFO     |   Sucesso! Dos 398797 registros, 5380 são de Saúde Mental.
2026-06-01 08:46:03,743 | INFO     | [CARGA] CSV Real do DATASUS salvo em: C:\Users\Ronald\Projeto_Integrador_1\data\processed\csv\internacoes_saude_mental.csv
2026-06-01 08:46:03,743 | INFO     | ETL 04 Finalizado em 28.13s
2026-06-01 08:46:03,744 | INFO     |   Concluido: 0 registros em 30.18s
2026-06-01 08:46:03,744 | INFO     | 
[5/7] Iniciando: OMS – WHO Global Data...
2026-06-01 08:46:03,746 | INFO     | [EXTRAÇÃO] Chamando API Global da OMS (WHO)...
2026-06-01 08:46:10,560 | INFO     |   Dados mundiais recebidos: 12936 registros.
2026-06-01 08:46:10,562 | INFO     | [TRANSFORMAÇÃO] Investigando e filtrando dados da OMS...
2026-06-01 08:46:10,562 | INFO     | Colunas recebidas: ['Id', 'IndicatorCode', 'SpatialDimType', 'SpatialDim', 'ParentLocationCode', 'TimeDimType', 'ParentLocation', 'Dim1Type', 'Dim1', 'TimeDim', 'Dim2Type', 'Dim2', 'Dim3Type', 'Dim3', 'DataSourceDimType', 'DataSourceDim', 'Value', 'NumericValue', 'Low', 'High', 'Comments', 'Date', 'TimeDimensionValue', 'TimeDimensionBegin', 'TimeDimensionEnd']
2026-06-01 08:46:10,571 | WARNING  | [AVISO] O filtro não encontrou 'BRA'. Guardando base completa para análise.
2026-06-01 08:46:10,571 | INFO     |   Registros prontos para carga: 12936
2026-06-01 08:46:10,588 | INFO     | [CARGA] Ficheiro gerado com sucesso em: C:\Users\Ronald\Projeto_Integrador_1\data\processed\csv\prevalencia_oms.csv
2026-06-01 08:46:10,588 | INFO     | ETL 05 Finalizado em 6.84s
2026-06-01 08:46:10,592 | INFO     |   Concluido: 0 registros em 6.85s
2026-06-01 08:46:10,593 | INFO     | 
[6/7] Iniciando: SUS – Infraestrutura RAPS...
2026-06-01 08:46:10,596 | INFO     | [EXTRAÇÃO] Iniciando processamento de 3 arquivos do S3...
2026-06-01 08:46:10,596 | INFO     |   Baixando: rapscapii.csv.zip...
2026-06-01 08:47:12,550 | ERROR    |   Erro ao processar https://demas-dados-abertos.s3.amazonaws.com/csv/rapscapii.csv.zip: HTTPSConnectionPool(host='demas-dados-abertos.s3.amazonaws.com', port=443): Read timed out.
2026-06-01 08:47:12,550 | INFO     |   Baixando: rapslphg2.csv.zip...
2026-06-01 08:48:10,966 | INFO     |     rapslphg2.csv processado: 61273 linhas.
2026-06-01 08:48:10,966 | INFO     |   Baixando: rapssrti.csv.zip...
2026-06-01 08:48:35,625 | INFO     |     rapssrti.csv processado: 61273 linhas.
2026-06-01 08:48:35,628 | INFO     | [TRANSFORMAÇÃO] Padronizando colunas e limpando dados...
2026-06-01 08:48:35,629 | INFO     |   Total consolidado: 122546 registros de infraestrutura.
2026-06-01 08:48:35,952 | INFO     | [CARGA] Sucesso! CSV consolidado salvo em: C:\Users\Ronald\Projeto_Integrador_1\data\processed\csv\infraestrutura_raps_sus.csv
2026-06-01 08:48:35,952 | INFO     | Pipeline ETL 06 concluído em 145.36s
2026-06-01 08:48:35,952 | INFO     |   Concluido: 0 registros em 145.36s
2026-06-01 08:48:35,952 | INFO     | 
[7/7] Iniciando: OWID – Depressao Global...
2026-06-01 08:48:35,955 | INFO     | [EXTRAÇÃO] Tentando conexão com o repositório global do OWID...
2026-06-01 08:48:38,276 | ERROR    | [ERRO] Servidor retornou código 403
2026-06-01 08:48:38,276 | WARNING  | [CONTINGÊNCIA] Ativando Backup Histórico Robusto (1990-2019)...
2026-06-01 08:48:38,279 | INFO     | [CARGA] Arquivo pronto para o Power BI: C:\Users\Ronald\Projeto_Integrador_1\data\processed\csv\prevalencia_depressao_global.csv
2026-06-01 08:48:38,279 | INFO     | ETL 07 finalizado em 2.32s
2026-06-01 08:48:38,279 | INFO     |   Concluido: 0 registros em 2.33s
2026-06-01 08:48:38,279 | INFO     | 
==================== RELATORIO FINAL ============================
2026-06-01 08:48:38,279 | INFO     |   Fonte                          | Status   |  Registros | Tempo
2026-06-01 08:48:38,280 | INFO     | ----------------------------------------------------------------------
2026-06-01 08:48:38,280 | INFO     |   Kaggle – FitLife               | OK       |          0 | 11.33s
2026-06-01 08:48:38,280 | INFO     |   Kaggle – Journal               | OK       |          0 | 3.25s
2026-06-01 08:48:38,280 | INFO     |   IBGE – POF 2017-2018           | OK       |          0 | 8.28s
2026-06-01 08:48:38,280 | INFO     |   DATASUS – Internacoes SUS      | OK       |          0 | 30.18s
2026-06-01 08:48:38,280 | INFO     |   OMS – WHO Global Data          | OK       |          0 | 6.85s
2026-06-01 08:48:38,280 | INFO     |   SUS – Infraestrutura RAPS      | OK       |          0 | 145.36s
2026-06-01 08:48:38,281 | INFO     |   OWID – Depressao Global        | OK       |          0 | 2.33s
2026-06-01 08:48:38,281 | INFO     | ----------------------------------------------------------------------
2026-06-01 08:48:38,281 | INFO     |   TOTAL: 0 registros em 207.57s
2026-06-01 08:48:38,281 | INFO     | ======================================================================
