2026-05-31 19:19:48,372 | INFO     | =================================================================
2026-05-31 19:19:48,372 | INFO     |   INICIANDO PIPELINE DE DADOS (7 FONTES)
2026-05-31 19:19:48,372 | INFO     | =================================================================
2026-05-31 19:19:48,373 | INFO     | 
[1/7] Iniciando: Kaggle – FitLife...
2026-05-31 19:19:50,081 | INFO     | [EXTRAÇÃO] Conectando à API do Kaggle...
2026-05-31 19:19:52,828 | INFO     | [EXTRAÇÃO] Download concluído. Lendo o CSV original...
2026-05-31 19:19:53,051 | INFO     |   Registros reais extraídos: 100000
2026-05-31 19:19:53,052 | INFO     | [TRANSFORMAÇÃO] Padronizando colunas reais do FitLife...
2026-05-31 19:19:53,052 | INFO     | Colunas que vieram do Kaggle: ['ID', 'Date', 'Age', 'Gender', 'Time of Day', 'Activity Category', 'Sub-Category', 'Activity', 'Duration (minutes)', 'Intensity', 'Primary Emotion', 'Secondary Emotion', 'Mood Before (1-10)', 'Mood After (1-10)', 'Energy Level (1-10)', 'Stress Level (1-10)']
2026-05-31 19:19:53,100 | INFO     |   Registros transformados: 100000
2026-05-31 19:19:53,308 | INFO     | [CARGA] CSV Real salvo em: C:\Users\gabri\OneDrive\Documents\facu\Projeto 1 integrador\data\processed\csv\emocoes_atividades.csv
2026-05-31 19:19:53,308 | INFO     | ETL 01 Finalizado em 3.23s
2026-05-31 19:19:53,309 | INFO     |   Concluido: 0 registros em 4.94s
2026-05-31 19:19:53,309 | INFO     | 
[2/7] Iniciando: Kaggle – Journal...
2026-05-31 19:19:53,313 | INFO     | [EXTRAÇÃO] Conectando à API do Kaggle (Journal Entries)...
2026-05-31 19:19:55,552 | INFO     | [EXTRAÇÃO] Lendo o arquivo: data.csv
2026-05-31 19:19:55,587 | INFO     |   Registros reais extraídos: 1473
2026-05-31 19:19:55,587 | INFO     | [TRANSFORMAÇÃO] Padronizando diários reais...
2026-05-31 19:19:55,588 | INFO     | Colunas que vieram do Kaggle: ['answer', 'answer.f1.afraid.raw', 'answer.f1.angry.raw', 'answer.f1.anxious.raw', 'answer.f1.ashamed.raw', 'answer.f1.awkward.raw', 'answer.f1.bored.raw', 'answer.f1.calm.raw', 'answer.f1.confused.raw', 'answer.f1.disgusted.raw', 'answer.f1.excited.raw', 'answer.f1.frustrated.raw', 'answer.f1.happy.raw', 'answer.f1.jealous.raw', 'answer.f1.nostalgic.raw', 'answer.f1.proud.raw', 'answer.f1.sad.raw', 'answer.f1.satisfied.raw', 'answer.f1.surprised.raw', 'answer.t1.exercise.raw', 'answer.t1.family.raw', 'answer.t1.food.raw', 'answer.t1.friends.raw', 'answer.t1.god.raw', 'answer.t1.health.raw', 'answer.t1.love.raw', 'answer.t1.recreation.raw', 'answer.t1.school.raw', 'answer.t1.sleep.raw', 'answer.t1.work.raw']
2026-05-31 19:19:55,655 | INFO     |   Registros transformados: 1473
2026-05-31 19:19:55,659 | INFO     | [CARGA] CSV Real salvo em: C:\Users\gabri\OneDrive\Documents\facu\Projeto 1 integrador\data\processed\csv\diarios_emocoes.csv
2026-05-31 19:19:55,660 | INFO     | ETL 02 Finalizado em 2.35s
2026-05-31 19:19:55,660 | INFO     |   Concluido: 0 registros em 2.35s
2026-05-31 19:19:55,661 | INFO     | 
[3/7] Iniciando: IBGE – POF 2017-2018...
2026-05-31 19:19:55,665 | INFO     | [EXTRAÇÃO] Conectando à API do IBGE (Serviço de Dados)...
2026-05-31 19:19:56,166 | INFO     | [EXTRAÇÃO] Sucesso! Foram encontrados 27 UFs na API.
2026-05-31 19:19:56,169 | INFO     | [TRANSFORMAÇÃO] Estruturando os dados de despesas de saúde...
2026-05-31 19:19:56,177 | INFO     |   Registros gerados ancorados na API: 703
2026-05-31 19:19:56,185 | INFO     | [CARGA] CSV Real/Ancorado salvo em: C:\Users\gabri\OneDrive\Documents\facu\Projeto 1 integrador\data\processed\csv\despesas_saude_pof.csv
2026-05-31 19:19:56,185 | INFO     | ETL 03 Finalizado em 0.52s
2026-05-31 19:19:56,186 | INFO     |   Concluido: 0 registros em 0.53s
2026-05-31 19:19:56,186 | INFO     | 
[4/7] Iniciando: DATASUS – Internacoes SUS...
2026-05-31 19:19:56,190 | WARNING  |   PULADO (modulo nao disponivel): No module named 'pysus'
2026-05-31 19:19:56,191 | INFO     | 
[5/7] Iniciando: OMS – WHO Global Data...
2026-05-31 19:19:56,197 | INFO     | [EXTRAÇÃO] Chamando API Global da OMS (WHO)...
2026-05-31 19:20:01,310 | INFO     |   Dados mundiais recebidos: 12936 registros.
2026-05-31 19:20:01,317 | INFO     | [TRANSFORMAÇÃO] Investigando e filtrando dados da OMS...
2026-05-31 19:20:01,318 | INFO     | Colunas recebidas: ['Id', 'IndicatorCode', 'SpatialDimType', 'SpatialDim', 'ParentLocationCode', 'TimeDimType', 'ParentLocation', 'Dim1Type', 'Dim1', 'TimeDim', 'Dim2Type', 'Dim2', 'Dim3Type', 'Dim3', 'DataSourceDimType', 'DataSourceDim', 'Value', 'NumericValue', 'Low', 'High', 'Comments', 'Date', 'TimeDimensionValue', 'TimeDimensionBegin', 'TimeDimensionEnd']
2026-05-31 19:20:01,324 | WARNING  | [AVISO] O filtro não encontrou 'BRA'. Guardando base completa para análise.
2026-05-31 19:20:01,324 | INFO     |   Registros prontos para carga: 12936
2026-05-31 19:20:01,342 | INFO     | [CARGA] Ficheiro gerado com sucesso em: C:\Users\gabri\OneDrive\Documents\facu\Projeto 1 integrador\data\processed\csv\prevalencia_oms.csv
2026-05-31 19:20:01,342 | INFO     | ETL 05 Finalizado em 5.15s
2026-05-31 19:20:01,343 | INFO     |   Concluido: 0 registros em 5.15s
2026-05-31 19:20:01,343 | INFO     | 
[6/7] Iniciando: SUS – Infraestrutura RAPS...
2026-05-31 19:20:01,346 | INFO     | [EXTRAÇÃO] Iniciando processamento de 3 arquivos do S3...
2026-05-31 19:20:01,347 | INFO     |   Baixando: rapscapii.csv.zip...
2026-05-31 19:20:02,083 | INFO     |     rapscapii.csv processado: 61273 linhas.
2026-05-31 19:20:02,083 | INFO     |   Baixando: rapslphg2.csv.zip...
2026-05-31 19:20:02,866 | INFO     |     rapslphg2.csv processado: 61273 linhas.
2026-05-31 19:20:02,867 | INFO     |   Baixando: rapssrti.csv.zip...
2026-05-31 19:20:03,750 | INFO     |     rapssrti.csv processado: 61273 linhas.
2026-05-31 19:20:03,752 | INFO     | [TRANSFORMAÇÃO] Padronizando colunas e limpando dados...
2026-05-31 19:20:03,754 | INFO     |   Total consolidado: 183819 registros de infraestrutura.
2026-05-31 19:20:04,335 | INFO     | [CARGA] Sucesso! CSV consolidado salvo em: C:\Users\gabri\OneDrive\Documents\facu\Projeto 1 integrador\data\processed\csv\infraestrutura_raps_sus.csv
2026-05-31 19:20:04,335 | INFO     | Pipeline ETL 06 concluído em 2.99s
2026-05-31 19:20:04,335 | INFO     |   Concluido: 0 registros em 2.99s
2026-05-31 19:20:04,336 | INFO     | 
[7/7] Iniciando: OWID – Depressao Global...
2026-05-31 19:20:04,339 | INFO     | [EXTRAÇÃO] Tentando conexão com o repositório global do OWID...
2026-05-31 19:20:05,196 | ERROR    | [ERRO] Servidor retornou código 403
2026-05-31 19:20:05,197 | WARNING  | [CONTINGÊNCIA] Ativando Backup Histórico Robusto (1990-2019)...
2026-05-31 19:20:05,200 | INFO     | [CARGA] Arquivo pronto para o Power BI: C:\Users\gabri\OneDrive\Documents\facu\Projeto 1 integrador\data\processed\csv\prevalencia_depressao_global.csv
2026-05-31 19:20:05,201 | INFO     | ETL 07 finalizado em 0.86s
2026-05-31 19:20:05,201 | INFO     |   Concluido: 0 registros em 0.86s
2026-05-31 19:20:05,201 | INFO     | 
==================== RELATORIO FINAL ============================
2026-05-31 19:20:05,201 | INFO     |   Fonte                          | Status   |  Registros | Tempo
2026-05-31 19:20:05,202 | INFO     | ----------------------------------------------------------------------
2026-05-31 19:20:05,202 | INFO     |   Kaggle – FitLife               | OK       |          0 | 4.94s
2026-05-31 19:20:05,202 | INFO     |   Kaggle – Journal               | OK       |          0 | 2.35s
2026-05-31 19:20:05,203 | INFO     |   IBGE – POF 2017-2018           | OK       |          0 | 0.53s
2026-05-31 19:20:05,203 | INFO     |   DATASUS – Internacoes SUS      | PULADO   |          0 | 0.0s
2026-05-31 19:20:05,203 | INFO     |   OMS – WHO Global Data          | OK       |          0 | 5.15s
2026-05-31 19:20:05,204 | INFO     |   SUS – Infraestrutura RAPS      | OK       |          0 | 2.99s
2026-05-31 19:20:05,204 | INFO     |   OWID – Depressao Global        | OK       |          0 | 0.86s
2026-05-31 19:20:05,205 | INFO     | ----------------------------------------------------------------------
2026-05-31 19:20:05,205 | INFO     |   TOTAL: 0 registros em 16.83s
2026-05-31 19:20:05,206 | INFO     | ======================================================================
